<?xml version="1.0" encoding="UTF-8"?>
<!-- Generated by org.testng.reporters.JUnitReportReporter -->
<testsuite hostname="Abhi" failures="1" tests="1" name="org.govstack.TestRunner.TestRunner" time="232.226" errors="0" timestamp="2024-05-14T18:17:09 IST" skipped="0">
  <testcase classname="org.govstack.TestRunner.TestRunner" name="runScenario" time="232.226">
    <failure message="null" type="java.lang.AssertionError">
      <![CDATA[java.lang.AssertionError: null
at org.testng.Assert.fail(Assert.java:111)
at org.testng.Assert.fail(Assert.java:116)
at org.govstack.utils.CommonMethods.clickElement(CommonMethods.java:50)
at org.govstack.pom.pages.NewsPage.verifyPublish(NewsPage.java:31)
at org.govstack.pom.pages.NewsPage.publishNews(NewsPage.java:28)
at org.govstack.stepdefinition.StepDefinitions.i_enter_all_the_details(StepDefinitions.java:38)
at ✽.I enter all the details(file:///D:/GovStack/GovStack_Automation/src/main/resources/TestCases/NewsTestCases.feature:8)
]]>
    </failure>
  </testcase> <!-- runScenario -->
</testsuite> <!-- org.govstack.TestRunner.TestRunner -->
